<?xml version="1.0" encoding="UTF-8"?>
<!-- Generated by org.testng.reporters.JUnitReportReporter -->
<testsuite hostname="QiuyedeMacBook-Air.local" name="com.lemon.java.maven.day6.testNGdemo.DataProviderDemo" tests="2" failures="0" timestamp="12 Nov 2020 11:16:03 GMT" time="0.026" errors="0">
  <testcase name="test" time="0.023" classname="com.lemon.java.maven.day6.testNGdemo.DataProviderDemo"/>
  <testcase name="test" time="0.003" classname="com.lemon.java.maven.day6.testNGdemo.DataProviderDemo"/>
</testsuite> <!-- com.lemon.java.maven.day6.testNGdemo.DataProviderDemo -->
