<?xml version="1.0" encoding="UTF-8"?>
<!-- Generated by org.testng.reporters.JUnitReportReporter -->
<testsuite hostname="QiuyedeMacBook-Air.local" name="com.lemon.java.maven.day6.testNGdemo.TestngParameterDemo" tests="1" failures="0" timestamp="12 Nov 2020 10:42:57 GMT" time="0.011" errors="0">
  <testcase name="test" time="0.011" classname="com.lemon.java.maven.day6.testNGdemo.TestngParameterDemo"/>
</testsuite> <!-- com.lemon.java.maven.day6.testNGdemo.TestngParameterDemo -->
