<?xml version="1.0" encoding="UTF-8"?>
<!-- Generated by org.testng.reporters.JUnitReportReporter -->
<testsuite hostname="QiuyedeMacBook-Air.local" name="com.lemon.java.maven.day6.testNGdemo.TestNGDemo" tests="1" failures="0" timestamp="9 Nov 2020 12:21:30 GMT" time="0.072" errors="0">
  <testcase name="f" time="0.072" classname="com.lemon.java.maven.day6.testNGdemo.TestNGDemo"/>
</testsuite> <!-- com.lemon.java.maven.day6.testNGdemo.TestNGDemo -->
