<?xml version="1.0" encoding="UTF-8"?>
<!-- Generated by org.testng.reporters.JUnitReportReporter -->
<testsuite hostname="QiuyedeMacBook-Air.local" name="com.lemon.java.maven.day6.testNGdemo.GroupsDemo" tests="3" failures="0" timestamp="12 Nov 2020 11:52:15 GMT" time="0.319" errors="0">
  <testcase name="test2" time="0.033" classname="com.lemon.java.maven.day6.testNGdemo.GroupsDemo"/>
  <testcase name="test1" time="0.268" classname="com.lemon.java.maven.day6.testNGdemo.GroupsDemo"/>
  <testcase name="test3" time="0.018" classname="com.lemon.java.maven.day6.testNGdemo.GroupsDemo"/>
</testsuite> <!-- com.lemon.java.maven.day6.testNGdemo.GroupsDemo -->
