<?xml version="1.0" encoding="UTF-8"?>
<!-- Generated by org.testng.reporters.JUnitReportReporter -->
<testsuite hostname="QiuyedeMacBook-Air.local" name="com.lemon.java.maven.day6.testNGdemo.DependencyDemo" tests="2" failures="0" timestamp="12 Nov 2020 11:26:47 GMT" time="0.028" errors="0">
  <testcase name="b" time="0.025" classname="com.lemon.java.maven.day6.testNGdemo.DependencyDemo"/>
  <testcase name="a" time="0.003" classname="com.lemon.java.maven.day6.testNGdemo.DependencyDemo"/>
</testsuite> <!-- com.lemon.java.maven.day6.testNGdemo.DependencyDemo -->
