<?xml version="1.0" encoding="UTF-8"?>
<!-- Generated by org.testng.reporters.JUnitReportReporter -->
<testsuite hostname="QiuyedeMacBook-Air.local" name="com.lemon.java.maven.day6.testNGdemo.IgnoreDemo" tests="1" failures="0" timestamp="12 Nov 2020 11:33:53 GMT" time="0.017" errors="0">
  <testcase name="test2" time="0.017" classname="com.lemon.java.maven.day6.testNGdemo.IgnoreDemo"/>
</testsuite> <!-- com.lemon.java.maven.day6.testNGdemo.IgnoreDemo -->
