<?xml version="1.0" encoding="UTF-8"?>
<!-- Generated by org.testng.reporters.JUnitReportReporter -->
<testsuite hostname="QiuyedeMacBook-Air.local" name="com.lemon.java.maven.day6.testNGdemo.Tester" tests="1" failures="0" timestamp="11 Nov 2020 11:50:34 GMT" time="0.020" errors="0">
  <testcase name="tester" time="0.020" classname="com.lemon.java.maven.day6.testNGdemo.Tester"/>
</testsuite> <!-- com.lemon.java.maven.day6.testNGdemo.Tester -->
